<?xml version="1.0" encoding="UTF-8"?>
<testsuite xmlns:xsi="http://www.w3.org/2001/XMLSchema-instance" xsi:noNamespaceSchemaLocation="https://maven.apache.org/surefire/maven-surefire-plugin/xsd/surefire-test-report-3.0.xsd" version="3.0" name="com.example.springboot.SpringbootApplicationTests" time="3.842" tests="1" errors="0" skipped="0" failures="0">
  <properties>
[...]
</properties>
  <testcase name="contextLoads" classname="com.example.springboot.SpringbootApplicationTests" time="0.906">
    <system-out><![CDATA[18:22:52.208 [main] INFO org.springframework.test.context.support.AnnotationConfigContextLoaderUtils -- Could not detect default configuration classes for test class [com.example.springboot.SpringbootApplicationTests]: SpringbootApplicationTests does not declare any static, non-private, non-final, nested classes annotated with @Configuration.
18:22:52.329 [main] INFO org.springframework.boot.test.context.SpringBootTestContextBootstrapper -- Found @SpringBootConfiguration com.example.springboot.SpringbootApplication for test class com.example.springboot.SpringbootApplicationTests

  .   ____          _            __ _ _
 /\\ / ___'_ __ _ _(_)_ __  __ _ \ \ \ \
( ( )\___ | '_ | '_| | '_ \/ _` | \ \ \ \
 \\/  ___)| |_)| | | | | || (_| |  ) ) ) )
  '  |____| .__|_| |_|_| |_\__, | / / / /
 =========|_|==============|___/=/_/_/_/
 :: Spring Boot ::                (v3.2.0)

2024-01-27T18:22:52.819+08:00  INFO 1660 --- [           main] c.e.s.SpringbootApplicationTests         : Starting SpringbootApplicationTests using Java 19.0.2 with PID 1660 (started by 葛骏鑫 in E:\vue项目\springboot)
2024-01-27T18:22:52.821+08:00  INFO 1660 --- [           main] c.e.s.SpringbootApplicationTests         : No active profile set, falling back to 1 default profile: "default"
Logging initialized using 'class org.apache.ibatis.logging.stdout.StdOutImpl' adapter.
Registered plugin: 'com.baomidou.mybatisplus.extension.plugins.MybatisPlusInterceptor@40de8f93'
[com.example.springboot.mapper.UserMapper.update] Has been loaded by XML or SqlProvider or Mybatis's Annotation, so ignoring this injection for [class com.baomidou.mybatisplus.core.injector.methods.Update]
Parsed mapper file: 'file [E:\vue项目\springboot\target\classes\mapper\UserMapper.xml]'
 _ _   |_  _ _|_. ___ _ |    _ 
| | |\/|_)(_| | |_\  |_)||_|_\ 
     /               |         
                        3.5.3.1 
2024-01-27T18:22:54.945+08:00  INFO 1660 --- [           main] c.e.s.SpringbootApplicationTests         : Started SpringbootApplicationTests in 2.441 seconds (process running for 3.599)
]]></system-out>
  </testcase>
</testsuite>